info @storybook/react v6.5.9
info 
info => Cleaning outputDir: C:\\Users\\TANMAY~1.SUT\\AppData\\Local\\Temp\\chromatic--16044-a5HKH4YaWTNB
info => Loading presets
info => Compiling manager..
info => Compiling preview..
info Addon-docs: using MDX1
info => Using implicit CSS loaders
info => Using default Webpack5 setup
<s> [webpack.Progress] 0% 

<s> [webpack.Progress] 1% setup before run
<s> [webpack.Progress] 1% setup before run NodeEnvironmentPlugin
<s> [webpack.Progress] 1% setup before run
<s> [webpack.Progress] 2% setup run
<s> [webpack.Progress] 2% setup run
<s> [webpack.Progress] 4% setup normal module factory
<s> [webpack.Progress] 4% setup normal module factory CaseSensitivePathsPlugin
<s> [webpack.Progress] 4% setup normal module factory
<s> [webpack.Progress] 5% setup context module factory
<s> [webpack.Progress] 5% setup context module factory
<s> [webpack.Progress] 6% setup before compile
<s> [webpack.Progress] 6% setup before compile ProgressPlugin
<s> [webpack.Progress] 6% setup before compile
<s> [webpack.Progress] 7% setup compile
<s> [webpack.Progress] 7% setup compile ExternalsPlugin
<s> [webpack.Progress] 7% setup compile
<s> [webpack.Progress] 8% setup compilation
<s> [webpack.Progress] 8% setup compilation ArrayPushCallbackChunkFormatPlugin
<s> [webpack.Progress] 8% setup compilation JsonpChunkLoadingPlugin
<s> [webpack.Progress] 8% setup compilation StartupChunkDependenciesPlugin
<s> [webpack.Progress] 8% setup compilation ImportScriptsChunkLoadingPlugin
<s> [webpack.Progress] 8% setup compilation FetchCompileWasmPlugin
<s> [webpack.Progress] 8% setup compilation FetchCompileAsyncWasmPlugin
<s> [webpack.Progress] 8% setup compilation WorkerPlugin
<s> [webpack.Progress] 8% setup compilation SplitChunksPlugin
<s> [webpack.Progress] 8% setup compilation RuntimeChunkPlugin
<s> [webpack.Progress] 8% setup compilation ResolverCachePlugin
<s> [webpack.Progress] 8% setup compilation HtmlWebpackPlugin
<s> [webpack.Progress] 8% setup compilation
<s> [webpack.Progress] 9% setup compilation
<s> [webpack.Progress] 9% setup compilation DefinePlugin
<s> [webpack.Progress] 9% setup compilation ProvidePlugin
<s> [webpack.Progress] 9% setup compilation ProgressPlugin
<s> [webpack.Progress] 9% setup compilation DocGenPlugin
<s> [webpack.Progress] 9% setup compilation ChunkPrefetchPreloadPlugin
<s> [webpack.Progress] 9% setup compilation SourceMapDevToolPlugin
<s> [webpack.Progress] 9% setup compilation JavascriptModulesPlugin
<s> [webpack.Progress] 9% setup compilation JsonModulesPlugin
<s> [webpack.Progress] 9% setup compilation AssetModulesPlugin
<s> [webpack.Progress] 9% setup compilation EntryPlugin
<s> [webpack.Progress] 9% setup compilation EntryPlugin
<s> [webpack.Progress] 9% setup compilation EntryPlugin
<s> [webpack.Progress] 9% setup compilation EntryPlugin
<s> [webpack.Progress] 9% setup compilation EntryPlugin
<s> [webpack.Progress] 9% setup compilation EntryPlugin
<s> [webpack.Progress] 9% setup compilation EntryPlugin
<s> [webpack.Progress] 9% setup compilation EntryPlugin
<s> [webpack.Progress] 9% setup compilation EntryPlugin
<s> [webpack.Progress] 9% setup compilation EntryPlugin
<s> [webpack.Progress] 9% setup compilation EntryPlugin
<s> [webpack.Progress] 9% setup compilation EntryPlugin
<s> [webpack.Progress] 9% setup compilation EntryPlugin
<s> [webpack.Progress] 9% setup compilation EntryPlugin
<s> [webpack.Progress] 9% setup compilation RuntimePlugin
<s> [webpack.Progress] 9% setup compilation InferAsyncModulesPlugin
<s> [webpack.Progress] 9% setup compilation DataUriPlugin
<s> [webpack.Progress] 9% setup compilation FileUriPlugin
<s> [webpack.Progress] 9% setup compilation CompatibilityPlugin
<s> [webpack.Progress] 9% setup compilation HarmonyModulesPlugin
<s> [webpack.Progress] 9% setup compilation AMDPlugin
<s> [webpack.Progress] 9% setup compilation RequireJsStuffPlugin
<s> [webpack.Progress] 9% setup compilation CommonJsPlugin
<s> [webpack.Progress] 9% setup compilation LoaderPlugin
<s> [webpack.Progress] 9% setup compilation LoaderPlugin
<s> [webpack.Progress] 9% setup compilation NodeStuffPlugin
<s> [webpack.Progress] 9% setup compilation APIPlugin
<s> [webpack.Progress] 9% setup compilation ExportsInfoApiPlugin
<s> [webpack.Progress] 9% setup compilation WebpackIsIncludedPlugin
<s> [webpack.Progress] 9% setup compilation ConstPlugin
<s> [webpack.Progress] 9% setup compilation UseStrictPlugin
<s> [webpack.Progress] 9% setup compilation RequireIncludePlugin
<s> [webpack.Progress] 9% setup compilation RequireEnsurePlugin
<s> [webpack.Progress] 9% setup compilation RequireContextPlugin
<s> [webpack.Progress] 9% setup compilation ImportPlugin
<s> [webpack.Progress] 9% setup compilation RequireContextPlugin
<s> [webpack.Progress] 9% setup compilation SystemPlugin
<s> [webpack.Progress] 9% setup compilation ImportMetaPlugin
<s> [webpack.Progress] 9% setup compilation URLPlugin
<s> [webpack.Progress] 9% setup compilation DefaultStatsFactoryPlugin
<s> [webpack.Progress] 9% setup compilation DefaultStatsPresetPlugin
<s> [webpack.Progress] 9% setup compilation DefaultStatsPrinterPlugin
<s> [webpack.Progress] 9% setup compilation JavascriptMetaInfoPlugin
<s> [webpack.Progress] 9% setup compilation EnsureChunkConditionsPlugin
<s> [webpack.Progress] 9% setup compilation RemoveEmptyChunksPlugin
<s> [webpack.Progress] 9% setup compilation MergeDuplicateChunksPlugin
<s> [webpack.Progress] 9% setup compilation FlagIncludedChunksPlugin
<s> [webpack.Progress] 9% setup compilation SideEffectsFlagPlugin
<s> [webpack.Progress] 9% setup compilation FlagDependencyExportsPlugin
<s> [webpack.Progress] 9% setup compilation FlagDependencyUsagePlugin
<s> [webpack.Progress] 9% setup compilation InnerGraphPlugin
<s> [webpack.Progress] 9% setup compilation MangleExportsPlugin
<s> [webpack.Progress] 9% setup compilation ModuleConcatenationPlugin
<s> [webpack.Progress] 9% setup compilation NoEmitOnErrorsPlugin
<s> [webpack.Progress] 9% setup compilation RealContentHashPlugin
<s> [webpack.Progress] 9% setup compilation WasmFinalizeExportsPlugin
<s> [webpack.Progress] 9% setup compilation NamedModuleIdsPlugin
<s> [webpack.Progress] 9% setup compilation DeterministicChunkIdsPlugin
<s> [webpack.Progress] 9% setup compilation DefinePlugin
<s> [webpack.Progress] 9% setup compilation TerserPlugin
<s> [webpack.Progress] 9% setup compilation TemplatedPathPlugin
<s> [webpack.Progress] 9% setup compilation RecordIdsPlugin
<s> [webpack.Progress] 9% setup compilation WarnCaseSensitiveModulesPlugin
<s> [webpack.Progress] 9% setup compilation IgnoreWarningsPlugin
<s> [webpack.Progress] 9% setup compilation
<s> [webpack.Progress] 10% building
<s> [webpack.Progress] 10% building 0/1 entries 0/0 dependencies 0/0 modules
<s> [webpack.Progress] 10% building import loader ./node_modules/babel-loader/lib/index.js
<s> [webpack.Progress] 10% building 0/14 entries 20/32 dependencies 0/19 modules
<s> [webpack.Progress] 10% building 0/14 entries 24/33 dependencies 0/23 modules
<s> [webpack.Progress] 10% building import loader ./node_modules/@storybook/mdx1-csf/loader.js
<s> [webpack.Progress] 10% building 0/14 entries 38/63 dependencies 0/36 modules
<s> [webpack.Progress] 13% building 1/14 entries 41/81 dependencies 1/38 modules
<s> [webpack.Progress] 13% building import loader ./node_modules/@storybook/source-loader/dist/cjs/index.js
<s> [webpack.Progress] 13% building 1/14 entries 72/164 dependencies 2/57 modules
<s> [webpack.Progress] 13% building 1/14 entries 470/537 dependencies 9/231 modules
<s> [webpack.Progress] 17% building 2/14 entries 471/761 dependencies 15/231 modules
<s> [webpack.Progress] 17% building 2/14 entries 908/1065 dependencies 45/334 modules
<s> [webpack.Progress] 17% building 2/14 entries 1100/1165 dependencies 66/359 modules
<s> [webpack.Progress] 17% building 2/14 entries 1651/1700 dependencies 132/423 modules
<s> [webpack.Progress] 17% building import loader ./node_modules/@storybook/builder-webpack5/node_modules/style-loader/dist/cjs.js
<s> [webpack.Progress] 17% building import loader ./node_modules/@storybook/builder-webpack5/node_modules/css-loader/dist/cjs.js
<s> [webpack.Progress] 17% building 2/14 entries 1879/1915 dependencies 223/451 modules
<s> [webpack.Progress] 17% building 2/14 entries 2270/2300 dependencies 288/528 modules
<s> [webpack.Progress] 17% building 2/14 entries 2500/2715 dependencies 335/543 modules
<s> [webpack.Progress] 17% building 2/14 entries 2987/3100 dependencies 440/658 modules
<s> [webpack.Progress] 17% building 2/14 entries 3363/3456 dependencies 462/700 modules
<s> [webpack.Progress] 17% building 2/14 entries 3749/3900 dependencies 506/821 modules
<s> [webpack.Progress] 17% building 2/14 entries 4200/4299 dependencies 628/907 modules
<s> [webpack.Progress] 17% building 2/14 entries 4500/4590 dependencies 698/1019 modules
<s> [webpack.Progress] 17% building 2/14 entries 4622/4700 dependencies 723/1063 modules
<s> [webpack.Progress] 19% building 2/14 entries 5041/5100 dependencies 832/1124 modules
<s> [webpack.Progress] 22% building 2/14 entries 5624/5659 dependencies 1100/1337 modules
<s> [webpack.Progress] 23% building 3/14 entries 5973/6027 dependencies 1247/1414 modules
<s> [webpack.Progress] 25% building 4/14 entries 5973/6027 dependencies 1248/1414 modules
<s> [webpack.Progress] 29% building 5/14 entries 5973/6027 dependencies 1249/1414 modules
<s> [webpack.Progress] 33% building 6/14 entries 5973/6027 dependencies 1250/1414 modules
<s> [webpack.Progress] 37% building 7/14 entries 5973/6027 dependencies 1251/1414 modules
<s> [webpack.Progress] 41% building 8/14 entries 5973/6027 dependencies 1252/1414 modules
<s> [webpack.Progress] 45% building 9/14 entries 5973/6027 dependencies 1253/1414 modules
<s> [webpack.Progress] 49% building 10/14 entries 5973/6027 dependencies 1254/1414 modules
<s> [webpack.Progress] 53% building 11/14 entries 6084/6141 dependencies 1315/1457 modules
<s> [webpack.Progress] 53% building 11/14 entries 6400/6428 dependencies 1441/1542 modules
<s> [webpack.Progress] 57% building 12/14 entries 6435/6458 dependencies 1478/1561 modules
<s> [webpack.Progress] 61% building 13/14 entries 6457/6464 dependencies 1528/1566 modules
<s> [webpack.Progress] 64% building 14/14 entries 6473/6473 dependencies 1578/1578 modules
<s> [webpack.Progress] 65% building
<s> [webpack.Progress] 69% building finish
<s> [webpack.Progress] 69% building finish
<s> [webpack.Progress] 70% sealing finish module graph
<s> [webpack.Progress] 70% sealing finish module graph ResolverCachePlugin
<s> [webpack.Progress] 70% sealing finish module graph InferAsyncModulesPlugin
<s> [webpack.Progress] 70% sealing finish module graph FlagDependencyExportsPlugin
<s> [webpack.Progress] 70% sealing finish module graph InnerGraphPlugin
<s> [webpack.Progress] 70% sealing finish module graph WasmFinalizeExportsPlugin
<s> [webpack.Progress] 70% sealing finish module graph
<s> [webpack.Progress] 70% sealing plugins
<s> [webpack.Progress] 70% sealing plugins DocGenPlugin
<s> [webpack.Progress] 70% sealing plugins WarnCaseSensitiveModulesPlugin
<s> [webpack.Progress] 70% sealing plugins
<s> [webpack.Progress] 71% sealing dependencies optimization
<s> [webpack.Progress] 71% sealing dependencies optimization SideEffectsFlagPlugin
<s> [webpack.Progress] 71% sealing dependencies optimization FlagDependencyUsagePlugin
<s> [webpack.Progress] 71% sealing dependencies optimization
<s> [webpack.Progress] 71% sealing after dependencies optimization
<s> [webpack.Progress] 71% sealing after dependencies optimization
<s> [webpack.Progress] 72% sealing chunk graph
<s> [webpack.Progress] 72% sealing chunk graph
<s> [webpack.Progress] 73% sealing after chunk graph
<s> [webpack.Progress] 73% sealing after chunk graph
<s> [webpack.Progress] 73% sealing optimizing
<s> [webpack.Progress] 73% sealing optimizing
<s> [webpack.Progress] 74% sealing module optimization
<s> [webpack.Progress] 74% sealing module optimization
<s> [webpack.Progress] 75% sealing after module optimization
<s> [webpack.Progress] 75% sealing after module optimization
<s> [webpack.Progress] 75% sealing chunk optimization
<s> [webpack.Progress] 75% sealing chunk optimization EnsureChunkConditionsPlugin
<s> [webpack.Progress] 75% sealing chunk optimization RemoveEmptyChunksPlugin
<s> [webpack.Progress] 75% sealing chunk optimization MergeDuplicateChunksPlugin
<s> [webpack.Progress] 75% sealing chunk optimization SplitChunksPlugin
<s> [webpack.Progress] 75% sealing chunk optimization RemoveEmptyChunksPlugin
<s> [webpack.Progress] 75% sealing chunk optimization
<s> [webpack.Progress] 76% sealing after chunk optimization
<s> [webpack.Progress] 76% sealing after chunk optimization
<s> [webpack.Progress] 77% sealing module and chunk tree optimization
<s> [webpack.Progress] 77% sealing module and chunk tree optimization PersistentChildCompilerSingletonPlugin
<s> [webpack.Progress] 77% sealing module and chunk tree optimization
<s> [webpack.Progress] 77% sealing after module and chunk tree optimization
<s> [webpack.Progress] 77% sealing after module and chunk tree optimization
<s> [webpack.Progress] 78% sealing chunk modules optimization
<s> [webpack.Progress] 78% sealing chunk modules optimization ModuleConcatenationPlugin
<s> [webpack.Progress] 78% sealing chunk modules optimization
<s> [webpack.Progress] 78% sealing after chunk modules optimization
<s> [webpack.Progress] 78% sealing after chunk modules optimization
<s> [webpack.Progress] 79% sealing module reviving
<s> [webpack.Progress] 79% sealing module reviving RecordIdsPlugin
<s> [webpack.Progress] 79% sealing module reviving
<s> [webpack.Progress] 80% sealing before module ids
<s> [webpack.Progress] 80% sealing before module ids
<s> [webpack.Progress] 80% sealing module ids
<s> [webpack.Progress] 80% sealing module ids NamedModuleIdsPlugin
<s> [webpack.Progress] 80% sealing module ids
<s> [webpack.Progress] 81% sealing module id optimization
<s> [webpack.Progress] 81% sealing module id optimization
<s> [webpack.Progress] 82% sealing module id optimization
<s> [webpack.Progress] 82% sealing module id optimization
<s> [webpack.Progress] 82% sealing chunk reviving
<s> [webpack.Progress] 82% sealing chunk reviving RecordIdsPlugin
<s> [webpack.Progress] 82% sealing chunk reviving
<s> [webpack.Progress] 83% sealing before chunk ids
<s> [webpack.Progress] 83% sealing before chunk ids
<s> [webpack.Progress] 84% sealing chunk ids
<s> [webpack.Progress] 84% sealing chunk ids DeterministicChunkIdsPlugin
<s> [webpack.Progress] 84% sealing chunk ids
<s> [webpack.Progress] 84% sealing chunk id optimization
<s> [webpack.Progress] 84% sealing chunk id optimization FlagIncludedChunksPlugin
<s> [webpack.Progress] 84% sealing chunk id optimization
<s> [webpack.Progress] 85% sealing after chunk id optimization
<s> [webpack.Progress] 85% sealing after chunk id optimization
<s> [webpack.Progress] 86% sealing record modules
<s> [webpack.Progress] 86% sealing record modules RecordIdsPlugin
<s> [webpack.Progress] 86% sealing record modules
<s> [webpack.Progress] 86% sealing record chunks
<s> [webpack.Progress] 86% sealing record chunks RecordIdsPlugin
<s> [webpack.Progress] 86% sealing record chunks
<s> [webpack.Progress] 87% sealing module hashing
<s> [webpack.Progress] 87% sealing module hashing
<s> [webpack.Progress] 87% sealing code generation
<s> [webpack.Progress] 87% sealing code generation
<s> [webpack.Progress] 88% sealing runtime requirements
<s> [webpack.Progress] 88% sealing runtime requirements
<s> [webpack.Progress] 89% sealing hashing
<s> [webpack.Progress] 89% sealing hashing
<s> [webpack.Progress] 89% sealing after hashing
<s> [webpack.Progress] 89% sealing after hashing
<s> [webpack.Progress] 90% sealing record hash
<s> [webpack.Progress] 90% sealing record hash
<s> [webpack.Progress] 91% sealing module assets processing
<s> [webpack.Progress] 91% sealing module assets processing
<s> [webpack.Progress] 91% sealing chunk assets processing
<s> [webpack.Progress] 91% sealing chunk assets processing
<s> [webpack.Progress] 92% sealing asset processing
<s> [webpack.Progress] 92% sealing asset processing PersistentChildCompilerSingletonPlugin
<s> [webpack.Progress] 92% sealing asset processing TerserPlugin
info => Manager built (22 s)
<s> [webpack.Progress] 92% sealing asset processing SourceMapDevToolPlugin
<s> [webpack.Progress] 92% sealing asset processing SourceMapDevToolPlugin
<s> [webpack.Progress] 92% sealing asset processing SourceMapDevToolPlugin main.334e33d1.iframe.bundle.js generate SourceMap
<s> [webpack.Progress] 92% sealing asset processing SourceMapDevToolPlugin main.334e33d1.iframe.bundle.js generated SourceMap
<s> [webpack.Progress] 92% sealing asset processing SourceMapDevToolPlugin runtime~main.640ba576.iframe.bundle.js generate SourceMap
<s> [webpack.Progress] 92% sealing asset processing SourceMapDevToolPlugin runtime~main.640ba576.iframe.bundle.js generated SourceMap
<s> [webpack.Progress] 92% sealing asset processing SourceMapDevToolPlugin 701.ab67969a.iframe.bundle.js generate SourceMap
<s> [webpack.Progress] 92% sealing asset processing SourceMapDevToolPlugin 701.ab67969a.iframe.bundle.js generated SourceMap
<s> [webpack.Progress] 92% sealing asset processing SourceMapDevToolPlugin 745.ec3f2b57.iframe.bundle.js generate SourceMap
<s> [webpack.Progress] 92% sealing asset processing SourceMapDevToolPlugin 745.ec3f2b57.iframe.bundle.js generated SourceMap
<s> [webpack.Progress] 92% sealing asset processing SourceMapDevToolPlugin 173.918a86db.iframe.bundle.js generate SourceMap
<s> [webpack.Progress] 92% sealing asset processing SourceMapDevToolPlugin 173.918a86db.iframe.bundle.js generated SourceMap
<s> [webpack.Progress] 92% sealing asset processing SourceMapDevToolPlugin 566.c4bd9be1.iframe.bundle.js generate SourceMap
<s> [webpack.Progress] 92% sealing asset processing SourceMapDevToolPlugin 566.c4bd9be1.iframe.bundle.js generated SourceMap
<s> [webpack.Progress] 92% sealing asset processing SourceMapDevToolPlugin 551.7e93ff5b.iframe.bundle.js generate SourceMap
<s> [webpack.Progress] 92% sealing asset processing SourceMapDevToolPlugin 551.7e93ff5b.iframe.bundle.js generated SourceMap
<s> [webpack.Progress] 92% sealing asset processing SourceMapDevToolPlugin 142.d1346ced.iframe.bundle.js generate SourceMap
<s> [webpack.Progress] 92% sealing asset processing SourceMapDevToolPlugin 142.d1346ced.iframe.bundle.js generated SourceMap
<s> [webpack.Progress] 92% sealing asset processing SourceMapDevToolPlugin 725.fb7f58ab.iframe.bundle.js generate SourceMap
<s> [webpack.Progress] 92% sealing asset processing SourceMapDevToolPlugin 725.fb7f58ab.iframe.bundle.js generated SourceMap
<s> [webpack.Progress] 92% sealing asset processing SourceMapDevToolPlugin 32.74ac6426.iframe.bundle.js generate SourceMap
<s> [webpack.Progress] 92% sealing asset processing SourceMapDevToolPlugin 32.74ac6426.iframe.bundle.js generated SourceMap
<s> [webpack.Progress] 92% sealing asset processing SourceMapDevToolPlugin 961.350a6139.iframe.bundle.js generate SourceMap
<s> [webpack.Progress] 92% sealing asset processing SourceMapDevToolPlugin 961.350a6139.iframe.bundle.js generated SourceMap
<s> [webpack.Progress] 92% sealing asset processing SourceMapDevToolPlugin resolve sources
<s> [webpack.Progress] 92% sealing asset processing SourceMapDevToolPlugin
<s> [webpack.Progress] 92% sealing asset processing HtmlWebpackPlugin
<s> [webpack.Progress] 92% sealing asset processing HtmlWebpackPlugin
<s> [webpack.Progress] 92% sealing asset processing HtmlWebpackPlugin resolve sources
<s> [webpack.Progress] 92% sealing asset processing HtmlWebpackPlugin
<s> [webpack.Progress] 92% sealing asset processing RealContentHashPlugin
<s> [webpack.Progress] 92% sealing asset processing RealContentHashPlugin
<s> [webpack.Progress] 92% sealing asset processing RealContentHashPlugin runtime~main.72ba0c36.iframe.bundle.js generate SourceMap
<s> [webpack.Progress] 92% sealing asset processing RealContentHashPlugin runtime~main.72ba0c36.iframe.bundle.js generated SourceMap
<s> [webpack.Progress] 92% sealing asset processing RealContentHashPlugin 701.603681b9.iframe.bundle.js generate SourceMap
<s> [webpack.Progress] 92% sealing asset processing RealContentHashPlugin 701.603681b9.iframe.bundle.js generated SourceMap
<s> [webpack.Progress] 92% sealing asset processing RealContentHashPlugin 745.dfcd13fa.iframe.bundle.js generate SourceMap
<s> [webpack.Progress] 92% sealing asset processing RealContentHashPlugin 745.dfcd13fa.iframe.bundle.js generated SourceMap
<s> [webpack.Progress] 92% sealing asset processing RealContentHashPlugin 551.b9ef72bc.iframe.bundle.js generate SourceMap
<s> [webpack.Progress] 92% sealing asset processing RealContentHashPlugin 551.b9ef72bc.iframe.bundle.js generated SourceMap
<s> [webpack.Progress] 92% sealing asset processing RealContentHashPlugin 725.2452df46.iframe.bundle.js generate SourceMap
<s> [webpack.Progress] 92% sealing asset processing RealContentHashPlugin 725.2452df46.iframe.bundle.js generated SourceMap
<s> [webpack.Progress] 92% sealing asset processing RealContentHashPlugin 32.bec45f1e.iframe.bundle.js generate SourceMap
<s> [webpack.Progress] 92% sealing asset processing RealContentHashPlugin 32.bec45f1e.iframe.bundle.js generated SourceMap
<s> [webpack.Progress] 92% sealing asset processing RealContentHashPlugin main.e7446f9d.iframe.bundle.js generate SourceMap
<s> [webpack.Progress] 92% sealing asset processing RealContentHashPlugin main.e7446f9d.iframe.bundle.js generated SourceMap
<s> [webpack.Progress] 92% sealing asset processing RealContentHashPlugin 173.d47fba86.iframe.bundle.js generate SourceMap
<s> [webpack.Progress] 92% sealing asset processing RealContentHashPlugin 173.d47fba86.iframe.bundle.js generated SourceMap
<s> [webpack.Progress] 92% sealing asset processing RealContentHashPlugin 566.87d2e0f1.iframe.bundle.js generate SourceMap
<s> [webpack.Progress] 92% sealing asset processing RealContentHashPlugin 566.87d2e0f1.iframe.bundle.js generated SourceMap
<s> [webpack.Progress] 92% sealing asset processing RealContentHashPlugin 142.c611edb7.iframe.bundle.js generate SourceMap
<s> [webpack.Progress] 92% sealing asset processing RealContentHashPlugin 142.c611edb7.iframe.bundle.js generated SourceMap
<s> [webpack.Progress] 92% sealing asset processing RealContentHashPlugin 961.42b89508.iframe.bundle.js generate SourceMap
<s> [webpack.Progress] 92% sealing asset processing RealContentHashPlugin 961.42b89508.iframe.bundle.js generated SourceMap
<s> [webpack.Progress] 92% sealing asset processing RealContentHashPlugin resolve sources
<s> [webpack.Progress] 92% sealing asset processing RealContentHashPlugin
<s> [webpack.Progress] 92% sealing asset processing
<s> [webpack.Progress] 93% sealing after asset optimization
<s> [webpack.Progress] 93% sealing after asset optimization
<s> [webpack.Progress] 93% sealing recording
<s> [webpack.Progress] 93% sealing recording
<s> [webpack.Progress] 94% sealing after seal
<s> [webpack.Progress] 94% sealing after seal
<s> [webpack.Progress] 95% emitting emit
<s> [webpack.Progress] 95% emitting emit
<s> [webpack.Progress] 98% emitting after emit
<s> [webpack.Progress] 98% emitting after emit SizeLimitsPlugin
<s> [webpack.Progress] 98% emitting after emit
<s> [webpack.Progress] 99% done plugins
<s> [webpack.Progress] 99% done plugins CaseSensitivePathsPlugin
<s> [webpack.Progress] 99% done plugins
<s> [webpack.Progress] 99% 

<s> [webpack.Progress] 99% cache store build dependencies
<s> [webpack.Progress] 99% cache store build dependencies
<s> [webpack.Progress] 99% cache begin idle
<s> [webpack.Progress] 99% cache begin idle
<s> [webpack.Progress] 100% 

info => Preview built (30 s)
WARN export 'mdx' (imported as 'mdx') was not found in '@mdx-js/react' (possible exports: MDXContext, MDXProvider, useMDXComponents, withMDXComponents)
WARN export 'mdx' (imported as 'mdx') was not found in '@mdx-js/react' (possible exports: MDXContext, MDXProvider, useMDXComponents, withMDXComponents)
WARN export 'mdx' (imported as 'mdx') was not found in '@mdx-js/react' (possible exports: MDXContext, MDXProvider, useMDXComponents, withMDXComponents)
WARN export 'mdx' (imported as 'mdx') was not found in '@mdx-js/react' (possible exports: MDXContext, MDXProvider, useMDXComponents, withMDXComponents)
WARN export 'mdx' (imported as 'mdx') was not found in '@mdx-js/react' (possible exports: MDXContext, MDXProvider, useMDXComponents, withMDXComponents)
WARN export 'mdx' (imported as 'mdx') was not found in '@mdx-js/react' (possible exports: MDXContext, MDXProvider, useMDXComponents, withMDXComponents)
WARN export 'mdx' (imported as 'mdx') was not found in '@mdx-js/react' (possible exports: MDXContext, MDXProvider, useMDXComponents, withMDXComponents)
WARN export 'mdx' (imported as 'mdx') was not found in '@mdx-js/react' (possible exports: MDXContext, MDXProvider, useMDXComponents, withMDXComponents)
WARN export 'mdx' (imported as 'mdx') was not found in '@mdx-js/react' (possible exports: MDXContext, MDXProvider, useMDXComponents, withMDXComponents)
WARN export 'mdx' (imported as 'mdx') was not found in '@mdx-js/react' (possible exports: MDXContext, MDXProvider, useMDXComponents, withMDXComponents)
WARN export 'mdx' (imported as 'mdx') was not found in '@mdx-js/react' (possible exports: MDXContext, MDXProvider, useMDXComponents, withMDXComponents)
WARN export 'mdx' (imported as 'mdx') was not found in '@mdx-js/react' (possible exports: MDXContext, MDXProvider, useMDXComponents, withMDXComponents)
WARN export 'mdx' (imported as 'mdx') was not found in '@mdx-js/react' (possible exports: MDXContext, MDXProvider, useMDXComponents, withMDXComponents)
WARN export 'mdx' (imported as 'mdx') was not found in '@mdx-js/react' (possible exports: MDXContext, MDXProvider, useMDXComponents, withMDXComponents)
WARN export 'mdx' (imported as 'mdx') was not found in '@mdx-js/react' (possible exports: MDXContext, MDXProvider, useMDXComponents, withMDXComponents)
WARN export 'mdx' (imported as 'mdx') was not found in '@mdx-js/react' (possible exports: MDXContext, MDXProvider, useMDXComponents, withMDXComponents)
WARN export 'mdx' (imported as 'mdx') was not found in '@mdx-js/react' (possible exports: MDXContext, MDXProvider, useMDXComponents, withMDXComponents)
WARN export 'mdx' (imported as 'mdx') was not found in '@mdx-js/react' (possible exports: MDXContext, MDXProvider, useMDXComponents, withMDXComponents)
WARN export 'mdx' (imported as 'mdx') was not found in '@mdx-js/react' (possible exports: MDXContext, MDXProvider, useMDXComponents, withMDXComponents)
WARN export 'mdx' (imported as 'mdx') was not found in '@mdx-js/react' (possible exports: MDXContext, MDXProvider, useMDXComponents, withMDXComponents)
WARN export 'mdx' (imported as 'mdx') was not found in '@mdx-js/react' (possible exports: MDXContext, MDXProvider, useMDXComponents, withMDXComponents)
WARN export 'mdx' (imported as 'mdx') was not found in '@mdx-js/react' (possible exports: MDXContext, MDXProvider, useMDXComponents, withMDXComponents)
WARN export 'mdx' (imported as 'mdx') was not found in '@mdx-js/react' (possible exports: MDXContext, MDXProvider, useMDXComponents, withMDXComponents)
WARN export 'mdx' (imported as 'mdx') was not found in '@mdx-js/react' (possible exports: MDXContext, MDXProvider, useMDXComponents, withMDXComponents)
WARN export 'mdx' (imported as 'mdx') was not found in '@mdx-js/react' (possible exports: MDXContext, MDXProvider, useMDXComponents, withMDXComponents)
WARN export 'mdx' (imported as 'mdx') was not found in '@mdx-js/react' (possible exports: MDXContext, MDXProvider, useMDXComponents, withMDXComponents)
WARN export 'mdx' (imported as 'mdx') was not found in '@mdx-js/react' (possible exports: MDXContext, MDXProvider, useMDXComponents, withMDXComponents)
WARN export 'mdx' (imported as 'mdx') was not found in '@mdx-js/react' (possible exports: MDXContext, MDXProvider, useMDXComponents, withMDXComponents)
WARN export 'mdx' (imported as 'mdx') was not found in '@mdx-js/react' (possible exports: MDXContext, MDXProvider, useMDXComponents, withMDXComponents)
WARN export 'mdx' (imported as 'mdx') was not found in '@mdx-js/react' (possible exports: MDXContext, MDXProvider, useMDXComponents, withMDXComponents)
WARN export 'mdx' (imported as 'mdx') was not found in '@mdx-js/react' (possible exports: MDXContext, MDXProvider, useMDXComponents, withMDXComponents)
WARN export 'mdx' (imported as 'mdx') was not found in '@mdx-js/react' (possible exports: MDXContext, MDXProvider, useMDXComponents, withMDXComponents)
WARN export 'mdx' (imported as 'mdx') was not found in '@mdx-js/react' (possible exports: MDXContext, MDXProvider, useMDXComponents, withMDXComponents)
WARN export 'mdx' (imported as 'mdx') was not found in '@mdx-js/react' (possible exports: MDXContext, MDXProvider, useMDXComponents, withMDXComponents)
WARN export 'mdx' (imported as 'mdx') was not found in '@mdx-js/react' (possible exports: MDXContext, MDXProvider, useMDXComponents, withMDXComponents)
WARN export 'mdx' (imported as 'mdx') was not found in '@mdx-js/react' (possible exports: MDXContext, MDXProvider, useMDXComponents, withMDXComponents)
WARN export 'mdx' (imported as 'mdx') was not found in '@mdx-js/react' (possible exports: MDXContext, MDXProvider, useMDXComponents, withMDXComponents)
WARN export 'mdx' (imported as 'mdx') was not found in '@mdx-js/react' (possible exports: MDXContext, MDXProvider, useMDXComponents, withMDXComponents)
WARN export 'mdx' (imported as 'mdx') was not found in '@mdx-js/react' (possible exports: MDXContext, MDXProvider, useMDXComponents, withMDXComponents)
WARN export 'mdx' (imported as 'mdx') was not found in '@mdx-js/react' (possible exports: MDXContext, MDXProvider, useMDXComponents, withMDXComponents)
WARN export 'mdx' (imported as 'mdx') was not found in '@mdx-js/react' (possible exports: MDXContext, MDXProvider, useMDXComponents, withMDXComponents)
WARN export 'mdx' (imported as 'mdx') was not found in '@mdx-js/react' (possible exports: MDXContext, MDXProvider, useMDXComponents, withMDXComponents)
WARN export 'mdx' (imported as 'mdx') was not found in '@mdx-js/react' (possible exports: MDXContext, MDXProvider, useMDXComponents, withMDXComponents)
WARN export 'mdx' (imported as 'mdx') was not found in '@mdx-js/react' (possible exports: MDXContext, MDXProvider, useMDXComponents, withMDXComponents)
WARN export 'mdx' (imported as 'mdx') was not found in '@mdx-js/react' (possible exports: MDXContext, MDXProvider, useMDXComponents, withMDXComponents)
WARN export 'mdx' (imported as 'mdx') was not found in '@mdx-js/react' (possible exports: MDXContext, MDXProvider, useMDXComponents, withMDXComponents)
WARN export 'mdx' (imported as 'mdx') was not found in '@mdx-js/react' (possible exports: MDXContext, MDXProvider, useMDXComponents, withMDXComponents)
WARN export 'mdx' (imported as 'mdx') was not found in '@mdx-js/react' (possible exports: MDXContext, MDXProvider, useMDXComponents, withMDXComponents)
WARN export 'mdx' (imported as 'mdx') was not found in '@mdx-js/react' (possible exports: MDXContext, MDXProvider, useMDXComponents, withMDXComponents)
WARN export 'mdx' (imported as 'mdx') was not found in '@mdx-js/react' (possible exports: MDXContext, MDXProvider, useMDXComponents, withMDXComponents)
WARN export 'mdx' (imported as 'mdx') was not found in '@mdx-js/react' (possible exports: MDXContext, MDXProvider, useMDXComponents, withMDXComponents)
WARN asset size limit: The following asset(s) exceed the recommended size limit (244 KiB).
WARN This can impact web performance.
WARN Assets: 
WARN   566.87d2e0f1.iframe.bundle.js (791 KiB)
WARN   961.42b89508.iframe.bundle.js (2.93 MiB)
WARN entrypoint size limit: The following entrypoint(s) combined asset size exceeds the recommended limit (244 KiB). This can impact web performance.
WARN Entrypoints:
WARN   main (3.01 MiB)
WARN       runtime~main.72ba0c36.iframe.bundle.js
WARN       961.42b89508.iframe.bundle.js
WARN       main.e7446f9d.iframe.bundle.js
WARN 
<s> [webpack.Progress] 99% cache shutdown
<s> [webpack.Progress] 99% cache shutdown
<s> [webpack.Progress] 100% 

info => Output directory: C:\\Users\\TANMAY~1.SUT\\AppData\\Local\\Temp\\chromatic--16044-a5HKH4YaWTNB
